  Card.cpp
/Card.cpp(1,1): error C1083: Impossible d'ouvrir le fichier source : 'Card.cpp' : No such file or directory
  (compiler le fichier source '/Card.cpp')
  
  Character.cpp
/Character.cpp(1,1): error C1083: Impossible d'ouvrir le fichier source : 'Character.cpp' : No such file or directory
  (compiler le fichier source '/Character.cpp')
  
  main.cpp
C:\Users\Dario\source\repos\Katana\Katana\source\Card\Card.h(58,13): error C3646: 'getIndex' : spécificateur de substitution inconnu
  (compiler le fichier source 'main.cpp')
  
C:\Users\Dario\source\repos\Katana\Katana\source\Card\Card.h(58,21): error C2059: erreur de syntaxe : '('
  (compiler le fichier source 'main.cpp')
  
C:\Users\Dario\source\repos\Katana\Katana\source\Card\Card.h(58,32): error C2238: jetons inattendus avant ';'
  (compiler le fichier source 'main.cpp')
  
C:\Users\Dario\source\repos\Katana\Katana\source\Card\Card.h(69,13): error C3668: 'Action::getIndex' : la méthode comprenant le spécificateur de substitution 'override' n'a substitué aucune méthode de la classe de base
  (compiler le fichier source 'main.cpp')
  
  Player.cpp
/Player.cpp(1,1): error C1083: Impossible d'ouvrir le fichier source : 'Player.cpp' : No such file or directory
  (compiler le fichier source '/Player.cpp')
  
  gameStart.cpp
/gameStart.cpp(1,1): error C1083: Impossible d'ouvrir le fichier source : 'gameStart.cpp' : No such file or directory
  (compiler le fichier source '/gameStart.cpp')
  
  Génération de code en cours...
